<?xml version="1.0" encoding="UTF-8"?>
<testsuite xmlns:xsi="http://www.w3.org/2001/XMLSchema-instance" xsi:noNamespaceSchemaLocation="https://maven.apache.org/surefire/maven-surefire-plugin/xsd/surefire-test-report-3.0.xsd" version="3.0" name="com.gpads.moringa.MoringaApplicationTests" time="4.133" tests="1" errors="0" skipped="0" failures="0">
  <properties>
[...]
</properties>
  <testcase name="contextLoads" classname="com.gpads.moringa.MoringaApplicationTests" time="0.813">
    <system-out><![CDATA[08:53:41.282 [main] INFO org.springframework.test.context.support.AnnotationConfigContextLoaderUtils -- Could not detect default configuration classes for test class [com.gpads.moringa.MoringaApplicationTests]: MoringaApplicationTests does not declare any static, non-private, non-final, nested classes annotated with @Configuration.
08:53:41.404 [main] INFO org.springframework.boot.test.context.SpringBootTestContextBootstrapper -- Found @SpringBootConfiguration com.gpads.moringa.MoringaApplication for test class com.gpads.moringa.MoringaApplicationTests
08:53:41.567 [main] INFO org.springframework.boot.devtools.restart.RestartApplicationListener -- Restart disabled due to context in which it is running

  .   ____          _            __ _ _
 /\\ / ___'_ __ _ _(_)_ __  __ _ \ \ \ \
( ( )\___ | '_ | '_| | '_ \/ _` | \ \ \ \
 \\/  ___)| |_)| | | | | || (_| |  ) ) ) )
  '  |____| .__|_| |_|_| |_\__, | / / / /
 =========|_|==============|___/=/_/_/_/

 :: Spring Boot ::                (v3.3.3)

2024-12-02T08:53:41.989-03:00  INFO 19980 --- [moringa] [           main] c.gpads.moringa.MoringaApplicationTests  : Starting MoringaApplicationTests using Java 22.0.1 with PID 19980 (started by Garoa in z:\Codigos\moringa\Spring-Moringa)
2024-12-02T08:53:41.991-03:00  INFO 19980 --- [moringa] [           main] c.gpads.moringa.MoringaApplicationTests  : No active profile set, falling back to 1 default profile: "default"
2024-12-02T08:53:42.507-03:00  INFO 19980 --- [moringa] [           main] .s.d.r.c.RepositoryConfigurationDelegate : Bootstrapping Spring Data MongoDB repositories in DEFAULT mode.
2024-12-02T08:53:42.550-03:00  INFO 19980 --- [moringa] [           main] .s.d.r.c.RepositoryConfigurationDelegate : Finished Spring Data repository scanning in 38 ms. Found 2 MongoDB repository interfaces.
2024-12-02T08:53:43.294-03:00  INFO 19980 --- [moringa] [           main] org.mongodb.driver.client                : MongoClient with metadata {"application": {"name": "Cluster0"}, "driver": {"name": "mongo-java-driver|sync|spring-boot", "version": "5.0.1"}, "os": {"type": "Windows", "name": "Windows 11", "architecture": "amd64", "version": "10.0"}, "platform": "Java/Oracle Corporation/22.0.1+8-16"} created with settings MongoClientSettings{readPreference=primary, writeConcern=WriteConcern{w=majority, wTimeout=null ms, journal=null}, retryWrites=true, retryReads=true, readConcern=ReadConcern{level=null}, credential=MongoCredential{mechanism=null, userName='techgpads', source='admin', password=<hidden>, mechanismProperties=<hidden>}, transportSettings=null, commandListeners=[], codecRegistry=ProvidersCodecRegistry{codecProviders=[ValueCodecProvider{}, BsonValueCodecProvider{}, DBRefCodecProvider{}, DBObjectCodecProvider{}, DocumentCodecProvider{}, CollectionCodecProvider{}, IterableCodecProvider{}, MapCodecProvider{}, GeoJsonCodecProvider{}, GridFSFileCodecProvider{}, Jsr310CodecProvider{}, JsonObjectCodecProvider{}, BsonCodecProvider{}, EnumCodecProvider{}, com.mongodb.client.model.mql.ExpressionCodecProvider@485caa8f, com.mongodb.Jep395RecordCodecProvider@2703d91, com.mongodb.KotlinCodecProvider@5be052ca]}, loggerSettings=LoggerSettings{maxDocumentLength=1000}, clusterSettings={hosts=[127.0.0.1:27017], srvHost=cluster0.23wuu.mongodb.net, srvServiceName=mongodb, mode=MULTIPLE, requiredClusterType=REPLICA_SET, requiredReplicaSetName='atlas-494fbu-shard-0', serverSelector='null', clusterListeners='[]', serverSelectionTimeout='30000 ms', localThreshold='15 ms'}, socketSettings=SocketSettings{connectTimeoutMS=10000, readTimeoutMS=0, receiveBufferSize=0, proxySettings=ProxySettings{host=null, port=null, username=null, password=null}}, heartbeatSocketSettings=SocketSettings{connectTimeoutMS=10000, readTimeoutMS=10000, receiveBufferSize=0, proxySettings=ProxySettings{host=null, port=null, username=null, password=null}}, connectionPoolSettings=ConnectionPoolSettings{maxSize=100, minSize=0, maxWaitTimeMS=120000, maxConnectionLifeTimeMS=0, maxConnectionIdleTimeMS=0, maintenanceInitialDelayMS=0, maintenanceFrequencyMS=60000, connectionPoolListeners=[], maxConnecting=2}, serverSettings=ServerSettings{heartbeatFrequencyMS=10000, minHeartbeatFrequencyMS=500, serverListeners='[]', serverMonitorListeners='[]'}, sslSettings=SslSettings{enabled=true, invalidHostNameAllowed=false, context=null}, applicationName='Cluster0', compressorList=[], uuidRepresentation=JAVA_LEGACY, serverApi=null, autoEncryptionSettings=null, dnsClient=null, inetAddressResolver=null, contextProvider=null}
2024-12-02T08:53:43.330-03:00  INFO 19980 --- [moringa] [wuu.mongodb.net] org.mongodb.driver.cluster               : Adding discovered server cluster0-shard-00-00.23wuu.mongodb.net:27017 to client view of cluster
2024-12-02T08:53:43.362-03:00  INFO 19980 --- [moringa] [wuu.mongodb.net] org.mongodb.driver.cluster               : Adding discovered server cluster0-shard-00-01.23wuu.mongodb.net:27017 to client view of cluster
2024-12-02T08:53:43.365-03:00  INFO 19980 --- [moringa] [wuu.mongodb.net] org.mongodb.driver.cluster               : Adding discovered server cluster0-shard-00-02.23wuu.mongodb.net:27017 to client view of cluster
2024-12-02T08:53:44.285-03:00  INFO 19980 --- [moringa] [ngodb.net:27017] org.mongodb.driver.cluster               : Monitor thread successfully connected to server with description ServerDescription{address=cluster0-shard-00-00.23wuu.mongodb.net:27017, type=REPLICA_SET_SECONDARY, state=CONNECTED, ok=true, minWireVersion=0, maxWireVersion=25, maxDocumentSize=16777216, logicalSessionTimeoutMinutes=30, roundTripTimeNanos=493225200, setName='atlas-494fbu-shard-0', canonicalAddress=cluster0-shard-00-00.23wuu.mongodb.net:27017, hosts=[cluster0-shard-00-00.23wuu.mongodb.net:27017, cluster0-shard-00-01.23wuu.mongodb.net:27017, cluster0-shard-00-02.23wuu.mongodb.net:27017], passives=[], arbiters=[], primary='cluster0-shard-00-02.23wuu.mongodb.net:27017', tagSet=TagSet{[Tag{name='availabilityZone', value='sae1-az1'}, Tag{name='diskState', value='READY'}, Tag{name='nodeType', value='ELECTABLE'}, Tag{name='provider', value='AWS'}, Tag{name='region', value='SA_EAST_1'}, Tag{name='workloadType', value='OPERATIONAL'}]}, electionId=null, setVersion=7, topologyVersion=TopologyVersion{processId=6744ac4bea3c331e8815924f, counter=3}, lastWriteDate=Mon Dec 02 08:53:43 BRT 2024, lastUpdateTimeNanos=151369560145200}
2024-12-02T08:53:44.285-03:00  INFO 19980 --- [moringa] [ngodb.net:27017] org.mongodb.driver.cluster               : Monitor thread successfully connected to server with description ServerDescription{address=cluster0-shard-00-02.23wuu.mongodb.net:27017, type=REPLICA_SET_PRIMARY, state=CONNECTED, ok=true, minWireVersion=0, maxWireVersion=25, maxDocumentSize=16777216, logicalSessionTimeoutMinutes=30, roundTripTimeNanos=492854400, setName='atlas-494fbu-shard-0', canonicalAddress=cluster0-shard-00-02.23wuu.mongodb.net:27017, hosts=[cluster0-shard-00-00.23wuu.mongodb.net:27017, cluster0-shard-00-01.23wuu.mongodb.net:27017, cluster0-shard-00-02.23wuu.mongodb.net:27017], passives=[], arbiters=[], primary='cluster0-shard-00-02.23wuu.mongodb.net:27017', tagSet=TagSet{[Tag{name='availabilityZone', value='sae1-az2'}, Tag{name='diskState', value='READY'}, Tag{name='nodeType', value='ELECTABLE'}, Tag{name='provider', value='AWS'}, Tag{name='region', value='SA_EAST_1'}, Tag{name='workloadType', value='OPERATIONAL'}]}, electionId=7fffffff000000000000001a, setVersion=7, topologyVersion=TopologyVersion{processId=6744a5b62189ad069a22dbff, counter=6}, lastWriteDate=Mon Dec 02 08:53:43 BRT 2024, lastUpdateTimeNanos=151369560145100}
2024-12-02T08:53:44.285-03:00  INFO 19980 --- [moringa] [ngodb.net:27017] org.mongodb.driver.cluster               : Monitor thread successfully connected to server with description ServerDescription{address=cluster0-shard-00-01.23wuu.mongodb.net:27017, type=REPLICA_SET_SECONDARY, state=CONNECTED, ok=true, minWireVersion=0, maxWireVersion=25, maxDocumentSize=16777216, logicalSessionTimeoutMinutes=30, roundTripTimeNanos=491863800, setName='atlas-494fbu-shard-0', canonicalAddress=cluster0-shard-00-01.23wuu.mongodb.net:27017, hosts=[cluster0-shard-00-00.23wuu.mongodb.net:27017, cluster0-shard-00-01.23wuu.mongodb.net:27017, cluster0-shard-00-02.23wuu.mongodb.net:27017], passives=[], arbiters=[], primary='cluster0-shard-00-02.23wuu.mongodb.net:27017', tagSet=TagSet{[Tag{name='availabilityZone', value='sae1-az3'}, Tag{name='diskState', value='READY'}, Tag{name='nodeType', value='ELECTABLE'}, Tag{name='provider', value='AWS'}, Tag{name='region', value='SA_EAST_1'}, Tag{name='workloadType', value='OPERATIONAL'}]}, electionId=null, setVersion=7, topologyVersion=TopologyVersion{processId=6744a8a38524504b7f66b509, counter=3}, lastWriteDate=Mon Dec 02 08:53:43 BRT 2024, lastUpdateTimeNanos=151369560145100}
2024-12-02T08:53:44.290-03:00  INFO 19980 --- [moringa] [ngodb.net:27017] org.mongodb.driver.cluster               : Discovered replica set primary cluster0-shard-00-02.23wuu.mongodb.net:27017 with max election id 7fffffff000000000000001a and max set version 7
2024-12-02T08:53:44.401-03:00  INFO 19980 --- [moringa] [           main] c.gpads.moringa.MoringaApplicationTests  : Started MoringaApplicationTests in 2.847 seconds (process running for 3.833)
]]></system-out>
    <system-err><![CDATA[WARNING: A Java agent has been loaded dynamically (C:\Users\Garoa\.m2\repository\net\bytebuddy\byte-buddy-agent\1.14.19\byte-buddy-agent-1.14.19.jar)
WARNING: If a serviceability tool is in use, please run with -XX:+EnableDynamicAgentLoading to hide this warning
WARNING: If a serviceability tool is not in use, please run with -Djdk.instrument.traceUsage for more information
WARNING: Dynamic loading of agents will be disallowed by default in a future release
]]></system-err>
  </testcase>
</testsuite>