<?xml version="1.0" encoding="UTF-8"?>
<testsuite xmlns:xsi="http://www.w3.org/2001/XMLSchema-instance" xsi:noNamespaceSchemaLocation="https://maven.apache.org/surefire/maven-surefire-plugin/xsd/surefire-test-report-3.0.xsd" version="3.0" name="com.gpads.moringa.statisticsTest.AnaliseServiceTest" time="0.032" tests="5" errors="0" skipped="0" failures="1">
  <properties>
[...]
</properties>
  <testcase name="testMedia" classname="com.gpads.moringa.statisticsTest.AnaliseServiceTest" time="0.006"/>
  <testcase name="testModa" classname="com.gpads.moringa.statisticsTest.AnaliseServiceTest" time="0.001"/>
  <testcase name="testQ1" classname="com.gpads.moringa.statisticsTest.AnaliseServiceTest" time="0.001"/>
  <testcase name="testQ3" classname="com.gpads.moringa.statisticsTest.AnaliseServiceTest" time="0.009">
    <failure message="expected: &lt;1.65&gt; but was: &lt;1.6500001&gt;" type="org.opentest4j.AssertionFailedError"><![CDATA[org.opentest4j.AssertionFailedError: expected: <1.65> but was: <1.6500001>
	at org.junit.jupiter.api.AssertionFailureBuilder.build(AssertionFailureBuilder.java:151)
	at org.junit.jupiter.api.AssertionFailureBuilder.buildAndThrow(AssertionFailureBuilder.java:132)
	at org.junit.jupiter.api.AssertEquals.failNotEqual(AssertEquals.java:197)
	at org.junit.jupiter.api.AssertEquals.assertEquals(AssertEquals.java:102)
	at org.junit.jupiter.api.AssertEquals.assertEquals(AssertEquals.java:97)
	at org.junit.jupiter.api.Assertions.assertEquals(Assertions.java:735)
	at com.gpads.moringa.statisticsTest.AnaliseServiceTest.testQ3(AnaliseServiceTest.java:55)
	at java.base/java.lang.reflect.Method.invoke(Method.java:580)
	at java.base/java.util.ArrayList.forEach(ArrayList.java:1597)
	at java.base/java.util.ArrayList.forEach(ArrayList.java:1597)
]]></failure>
  </testcase>
  <testcase name="testMediana" classname="com.gpads.moringa.statisticsTest.AnaliseServiceTest" time="0.002"/>
</testsuite>